Release 14.7 - xst P.20131013 (lin64)
Copyright (c) 1995-2013 Xilinx, Inc.  All rights reserved.
--> 
Parameter TMPDIR set to xst/projnav.tmp


Total REAL time to Xst completion: 0.00 secs
Total CPU time to Xst completion: 0.03 secs
 
--> 
Parameter xsthdpdir set to xst


Total REAL time to Xst completion: 0.00 secs
Total CPU time to Xst completion: 0.03 secs
 
--> 
Reading design: UART.prj

TABLE OF CONTENTS
  1) Synthesis Options Summary
  2) HDL Parsing
  3) HDL Elaboration
  4) HDL Synthesis
       4.1) HDL Synthesis Report
  5) Advanced HDL Synthesis
       5.1) Advanced HDL Synthesis Report
  6) Low Level Synthesis
  7) Partition Report
  8) Design Summary
       8.1) Primitive and Black Box Usage
       8.2) Device utilization summary
       8.3) Partition Resource Summary
       8.4) Timing Report
            8.4.1) Clock Information
            8.4.2) Asynchronous Control Signals Information
            8.4.3) Timing Summary
            8.4.4) Timing Details
            8.4.5) Cross Clock Domains Report


=========================================================================
*                      Synthesis Options Summary                        *
=========================================================================
---- Source Parameters
Input File Name                    : "UART.prj"
Ignore Synthesis Constraint File   : NO

---- Target Parameters
Output File Name                   : "UART"
Output Format                      : NGC
Target Device                      : xa7a100t-2I-csg324

---- Source Options
Top Module Name                    : UART
Automatic FSM Extraction           : YES
FSM Encoding Algorithm             : Auto
Safe Implementation                : No
FSM Style                          : LUT
RAM Extraction                     : Yes
RAM Style                          : Auto
ROM Extraction                     : Yes
Shift Register Extraction          : YES
ROM Style                          : Auto
Resource Sharing                   : YES
Asynchronous To Synchronous        : NO
Shift Register Minimum Size        : 2
Use DSP Block                      : Auto
Automatic Register Balancing       : No

---- Target Options
LUT Combining                      : Auto
Reduce Control Sets                : Auto
Add IO Buffers                     : YES
Global Maximum Fanout              : 100000
Add Generic Clock Buffer(BUFG)     : 32
Register Duplication               : YES
Optimize Instantiated Primitives   : NO
Use Clock Enable                   : Auto
Use Synchronous Set                : Auto
Use Synchronous Reset              : Auto
Pack IO Registers into IOBs        : Auto
Equivalent register Removal        : YES

---- General Options
Optimization Goal                  : Speed
Optimization Effort                : 1
Power Reduction                    : NO
Keep Hierarchy                     : No
Netlist Hierarchy                  : As_Optimized
RTL Output                         : Yes
Global Optimization                : AllClockNets
Read Cores                         : YES
Write Timing Constraints           : NO
Cross Clock Analysis               : NO
Hierarchy Separator                : /
Bus Delimiter                      : <>
Case Specifier                     : Maintain
Slice Utilization Ratio            : 100
BRAM Utilization Ratio             : 100
DSP48 Utilization Ratio            : 100
Auto BRAM Packing                  : NO
Slice Utilization Ratio Delta      : 5

=========================================================================


=========================================================================
*                          HDL Parsing                                  *
=========================================================================
Parsing VHDL file "/home/ise/VHDL/vhdl-assignment-2/UART_transmitter.vhd" into library work
Parsing entity <UART_transmitter>.
Parsing architecture <Behavioral> of entity <uart_transmitter>.
Parsing VHDL file "/home/ise/VHDL/vhdl-assignment-2/UART_receiver.vhd" into library work
Parsing entity <UART_receiver>.
Parsing architecture <Behavioral> of entity <uart_receiver>.
Parsing VHDL file "/home/ise/VHDL/vhdl-assignment-2/UART_baudRateGenerator.vhd" into library work
Parsing entity <UART_baudRateGenerator>.
Parsing architecture <BEHAVIORAL> of entity <uart_baudrategenerator>.
Parsing VHDL file "/home/ise/VHDL/vhdl-assignment-2/UART.vhd" into library work
Parsing entity <UART>.
Parsing architecture <Behavioral> of entity <uart>.

=========================================================================
*                            HDL Elaboration                            *
=========================================================================

Elaborating entity <UART> (architecture <Behavioral>) with generics from library <work>.

Elaborating entity <UART_baudRateGenerator> (architecture <BEHAVIORAL>) with generics from library <work>.

Elaborating entity <UART_transmitter> (architecture <Behavioral>) from library <work>.

Elaborating entity <UART_receiver> (architecture <Behavioral>) from library <work>.

=========================================================================
*                           HDL Synthesis                               *
=========================================================================

Synthesizing Unit <UART>.
    Related source file is "/home/ise/VHDL/vhdl-assignment-2/UART.vhd".
        BAUD_RATE = 57600
        CLOCK_RATE = 66666667
    Summary:
	no macro.
Unit <UART> synthesized.

Synthesizing Unit <UART_baudRateGenerator>.
    Related source file is "/home/ise/VHDL/vhdl-assignment-2/UART_baudRateGenerator.vhd".
        BAUD_RATE = 57600
        CLOCK_RATE = 66666667
WARNING:Xst:647 - Input <reset> is never used. This port will be preserved and left unconnected if it belongs to a top-level block or it belongs to a sub-block and the hierarchy of this sub-block is preserved.
    Found 7-bit register for signal <make_x16en.clockCount>.
    Found 1-bit register for signal <baudRateEnable>.
    Found 11-bit register for signal <make_baudEn.clockCount>.
    Found 1-bit register for signal <baudRateEnable_x16>.
    Found 7-bit adder for signal <make_x16en.clockCount[6]_GND_4_o_add_0_OUT> created at line 22.
    Found 11-bit adder for signal <make_baudEn.clockCount[10]_GND_4_o_add_4_OUT> created at line 35.
    Summary:
	inferred   2 Adder/Subtractor(s).
	inferred  20 D-type flip-flop(s).
Unit <UART_baudRateGenerator> synthesized.

Synthesizing Unit <UART_transmitter>.
    Related source file is "/home/ise/VHDL/vhdl-assignment-2/UART_transmitter.vhd".
    Found 1-bit register for signal <ready>.
    Found 1-bit register for signal <tx_sm.go>.
    Found 1-bit register for signal <serialDataOut>.
    Found 8-bit register for signal <tx_sm.dataToTX>.
    Found 3-bit register for signal <tx_sm.bitToSend>.
    Found 2-bit register for signal <txState>.
    Found finite state machine <FSM_0> for signal <txState>.
    -----------------------------------------------------------------------
    | States             | 4                                              |
    | Transitions        | 11                                             |
    | Inputs             | 4                                              |
    | Outputs            | 2                                              |
    | Clock              | clock (rising_edge)                            |
    | Reset              | reset (positive)                               |
    | Reset type         | synchronous                                    |
    | Reset State        | idle                                           |
    | Power Up State     | idle                                           |
    | Encoding           | auto                                           |
    | Implementation     | LUT                                            |
    -----------------------------------------------------------------------
    Found 3-bit adder for signal <tx_sm.bitToSend[2]_GND_5_o_add_5_OUT> created at line 58.
    Found 1-bit 8-to-1 multiplexer for signal <tx_sm.bitToSend[2]_tx_sm.dataToTX[7]_Mux_3_o> created at line 54.
    Summary:
	inferred   1 Adder/Subtractor(s).
	inferred  14 D-type flip-flop(s).
	inferred   7 Multiplexer(s).
	inferred   1 Finite State Machine(s).
Unit <UART_transmitter> synthesized.

Synthesizing Unit <UART_receiver>.
    Related source file is "/home/ise/VHDL/vhdl-assignment-2/UART_receiver.vhd".
    Found 1-bit register for signal <dataValid>.
    Found 1-bit register for signal <countLoad>.
    Found 1-bit register for signal <countEnable>.
    Found 1-bit register for signal <lineDown>.
    Found 3-bit register for signal <rx_sm.bitsReceived>.
    Found 5-bit register for signal <countValue>.
    Found 8-bit register for signal <parallelDataOut>.
    Found 5-bit register for signal <counter.internalCountValue>.
    Found 1-bit register for signal <countDone>.
    Found 2-bit register for signal <rxState>.
    Found finite state machine <FSM_1> for signal <rxState>.
    -----------------------------------------------------------------------
    | States             | 4                                              |
    | Transitions        | 16                                             |
    | Inputs             | 5                                              |
    | Outputs            | 7                                              |
    | Clock              | clock (rising_edge)                            |
    | Reset              | reset (positive)                               |
    | Reset type         | synchronous                                    |
    | Reset State        | idle                                           |
    | Power Up State     | idle                                           |
    | Encoding           | auto                                           |
    | Implementation     | LUT                                            |
    -----------------------------------------------------------------------
    Found 3-bit adder for signal <rx_sm.bitsReceived[2]_GND_6_o_add_9_OUT> created at line 83.
    Found 5-bit subtractor for signal <GND_6_o_GND_6_o_sub_41_OUT<4:0>> created at line 126.
    Found 1-bit 4-to-1 multiplexer for signal <rxState[1]_GND_6_o_Mux_22_o> created at line 54.
    Summary:
	inferred   2 Adder/Subtractor(s).
	inferred  26 D-type flip-flop(s).
	inferred  19 Multiplexer(s).
	inferred   1 Finite State Machine(s).
Unit <UART_receiver> synthesized.

=========================================================================
HDL Synthesis Report

Macro Statistics
# Adders/Subtractors                                   : 5
 11-bit adder                                          : 1
 3-bit adder                                           : 2
 5-bit subtractor                                      : 1
 7-bit adder                                           : 1
# Registers                                            : 18
 1-bit register                                        : 10
 11-bit register                                       : 1
 3-bit register                                        : 2
 5-bit register                                        : 2
 7-bit register                                        : 1
 8-bit register                                        : 2
# Multiplexers                                         : 26
 1-bit 2-to-1 multiplexer                              : 20
 1-bit 4-to-1 multiplexer                              : 1
 1-bit 8-to-1 multiplexer                              : 1
 3-bit 2-to-1 multiplexer                              : 2
 5-bit 2-to-1 multiplexer                              : 1
 8-bit 2-to-1 multiplexer                              : 1
# FSMs                                                 : 2

=========================================================================

=========================================================================
*                       Advanced HDL Synthesis                          *
=========================================================================

WARNING:Xst - The specified part-type was not generated at build time. XST is loading the full part-type and will therefore consume more CPU and memory.
Loading device for application Rf_Device from file '7a100t.nph' in environment /opt/Xilinx/14.7/ISE_DS/ISE/.
Loading device for application Rf_Device from file '7a100t.nph' in environment /opt/Xilinx/14.7/ISE_DS/ISE/.
WARNING:Xst:1293 - FF/Latch <countValue_4> has a constant value of 0 in block <rcvr>. This FF/Latch will be trimmed during the optimization process.

Synthesizing (advanced) Unit <UART_baudRateGenerator>.
The following registers are absorbed into counter <make_x16en.clockCount>: 1 register on signal <make_x16en.clockCount>.
The following registers are absorbed into counter <make_baudEn.clockCount>: 1 register on signal <make_baudEn.clockCount>.
Unit <UART_baudRateGenerator> synthesized (advanced).

Synthesizing (advanced) Unit <UART_receiver>.
The following registers are absorbed into counter <counter.internalCountValue>: 1 register on signal <counter.internalCountValue>.
The following registers are absorbed into counter <rx_sm.bitsReceived>: 1 register on signal <rx_sm.bitsReceived>.
Unit <UART_receiver> synthesized (advanced).

Synthesizing (advanced) Unit <UART_transmitter>.
The following registers are absorbed into counter <tx_sm.bitToSend>: 1 register on signal <tx_sm.bitToSend>.
Unit <UART_transmitter> synthesized (advanced).

=========================================================================
Advanced HDL Synthesis Report

Macro Statistics
# Adders/Subtractors                                   : 2
 11-bit adder                                          : 1
 7-bit adder                                           : 1
# Counters                                             : 5
 11-bit up counter                                     : 1
 3-bit up counter                                      : 2
 5-bit down counter                                    : 1
 7-bit up counter                                      : 1
# Registers                                            : 31
 Flip-Flops                                            : 31
# Multiplexers                                         : 23
 1-bit 2-to-1 multiplexer                              : 20
 1-bit 4-to-1 multiplexer                              : 1
 1-bit 8-to-1 multiplexer                              : 1
 8-bit 2-to-1 multiplexer                              : 1
# FSMs                                                 : 2

=========================================================================

=========================================================================
*                         Low Level Synthesis                           *
=========================================================================
WARNING:Xst:1293 - FF/Latch <countValue_4> has a constant value of 0 in block <UART_receiver>. This FF/Latch will be trimmed during the optimization process.
Analyzing FSM <MFsm> for best encoding.
Optimizing FSM <xmit/FSM_0> on signal <txState[1:2]> with gray encoding.
----------------------------
 State          | Encoding
----------------------------
 idle           | 00
 send_start_bit | 01
 send_data_bits | 11
 send_stop_bit  | 10
----------------------------
Analyzing FSM <MFsm> for best encoding.
Optimizing FSM <rcvr/FSM_1> on signal <rxState[1:2]> with user encoding.
---------------------------
 State         | Encoding
---------------------------
 idle          | 00
 rcv_start_bit | 01
 rcv_data_bits | 10
 rcv_stop_bit  | 11
---------------------------
WARNING:Xst:1426 - The value init of the FF/Latch countValue_0 hinder the constant cleaning in the block UART_receiver.
   You should achieve better results by setting this init to 1.
WARNING:Xst:1426 - The value init of the FF/Latch countValue_1 hinder the constant cleaning in the block UART_receiver.
   You should achieve better results by setting this init to 1.
WARNING:Xst:1426 - The value init of the FF/Latch countValue_2 hinder the constant cleaning in the block UART_receiver.
   You should achieve better results by setting this init to 1.
INFO:Xst:2261 - The FF/Latch <countValue_0> in Unit <UART_receiver> is equivalent to the following 2 FFs/Latches, which will be removed : <countValue_1> <countValue_2> 

Optimizing unit <UART> ...

Optimizing unit <UART_transmitter> ...

Optimizing unit <UART_baudRateGenerator> ...

Optimizing unit <UART_receiver> ...

Mapping all equations...
Building and optimizing final netlist ...
Found area constraint ratio of 100 (+ 5) on block UART, actual ratio is 0.

Final Macro Processing ...

=========================================================================
Final Register Report

Macro Statistics
# Registers                                            : 61
 Flip-Flops                                            : 61

=========================================================================

=========================================================================
*                           Partition Report                            *
=========================================================================

Partition Implementation Status
-------------------------------

  No Partitions were found in this design.

-------------------------------

=========================================================================
*                            Design Summary                             *
=========================================================================

Top Level Output File Name         : UART.ngc

Primitive and Black Box Usage:
------------------------------
# BELS                             : 103
#      GND                         : 1
#      INV                         : 3
#      LUT1                        : 10
#      LUT2                        : 4
#      LUT3                        : 16
#      LUT4                        : 10
#      LUT5                        : 20
#      LUT6                        : 16
#      MUXCY                       : 10
#      MUXF7                       : 1
#      VCC                         : 1
#      XORCY                       : 11
# FlipFlops/Latches                : 61
#      FD                          : 4
#      FDE                         : 24
#      FDR                         : 27
#      FDRE                        : 5
#      FDSE                        : 1
# Clock Buffers                    : 1
#      BUFGP                       : 1
# IO Buffers                       : 22
#      IBUF                        : 11
#      OBUF                        : 11

Device utilization summary:
---------------------------

Selected Device : xa7a100tcsg324-2i 


Slice Logic Utilization: 
 Number of Slice Registers:              61  out of  126800     0%  
 Number of Slice LUTs:                   79  out of  63400     0%  
    Number used as Logic:                79  out of  63400     0%  

Slice Logic Distribution: 
 Number of LUT Flip Flop pairs used:     81
   Number with an unused Flip Flop:      20  out of     81    24%  
   Number with an unused LUT:             2  out of     81     2%  
   Number of fully used LUT-FF pairs:    59  out of     81    72%  
   Number of unique control sets:        11

IO Utilization: 
 Number of IOs:                          23
 Number of bonded IOBs:                  23  out of    210    10%  

Specific Feature Utilization:
 Number of BUFG/BUFGCTRLs:                1  out of     32     3%  

---------------------------
Partition Resource Summary:
---------------------------

  No Partitions were found in this design.

---------------------------


=========================================================================
Timing Report

NOTE: THESE TIMING NUMBERS ARE ONLY A SYNTHESIS ESTIMATE.
      FOR ACCURATE TIMING INFORMATION PLEASE REFER TO THE TRACE REPORT
      GENERATED AFTER PLACE-and-ROUTE.

Clock Information:
------------------
-----------------------------------+------------------------+-------+
Clock Signal                       | Clock buffer(FF name)  | Load  |
-----------------------------------+------------------------+-------+
clock                              | BUFGP                  | 61    |
-----------------------------------+------------------------+-------+

Asynchronous Control Signals Information:
----------------------------------------
No asynchronous control signals found in this design

Timing Summary:
---------------
Speed Grade: -2

   Minimum period: 2.418ns (Maximum Frequency: 413.608MHz)
   Minimum input arrival time before clock: 1.932ns
   Maximum output required time after clock: 0.705ns
   Maximum combinational path delay: No path found

Timing Details:
---------------
All values displayed in nanoseconds (ns)

=========================================================================
Timing constraint: Default period analysis for Clock 'clock'
  Clock period: 2.418ns (frequency: 413.608MHz)
  Total number of paths / destination ports: 571 / 98
-------------------------------------------------------------------------
Delay:               2.418ns (Levels of Logic = 2)
  Source:            rateGen/make_baudEn.clockCount_6 (FF)
  Destination:       rateGen/make_baudEn.clockCount_10 (FF)
  Source Clock:      clock rising
  Destination Clock: clock rising

  Data Path: rateGen/make_baudEn.clockCount_6 to rateGen/make_baudEn.clockCount_10
                                Gate     Net
    Cell:in->out      fanout   Delay   Delay  Logical Name (Net Name)
    ----------------------------------------  ------------
     FDR:C->Q              2   0.361   0.758  rateGen/make_baudEn.clockCount_6 (rateGen/make_baudEn.clockCount_6)
     LUT6:I0->O            1   0.097   0.355  rateGen/PWR_4_o_make_baudEn.clockCount[10]_equal_6_o<10>_SW0 (N4)
     LUT6:I5->O           12   0.097   0.400  rateGen/PWR_4_o_make_baudEn.clockCount[10]_equal_6_o<10> (rateGen/PWR_4_o_make_baudEn.clockCount[10]_equal_6_o)
     FDR:R                     0.349          rateGen/make_baudEn.clockCount_1
    ----------------------------------------
    Total                      2.418ns (0.904ns logic, 1.514ns route)
                                       (37.4% logic, 62.6% route)

=========================================================================
Timing constraint: Default OFFSET IN BEFORE for Clock 'clock'
  Total number of paths / destination ports: 103 / 68
-------------------------------------------------------------------------
Offset:              1.932ns (Levels of Logic = 4)
  Source:            parallelDataIn<6> (PAD)
  Destination:       xmit/serialDataOut (FF)
  Destination Clock: clock rising

  Data Path: parallelDataIn<6> to xmit/serialDataOut
                                Gate     Net
    Cell:in->out      fanout   Delay   Delay  Logical Name (Net Name)
    ----------------------------------------  ------------
     IBUF:I->O             1   0.001   0.571  parallelDataIn_6_IBUF (parallelDataIn_6_IBUF)
     LUT3:I0->O            2   0.097   0.621  xmit/Mmux_tx_sm.dataToTX[7]_parallelDataIn[7]_mux_0_OUT71 (xmit/tx_sm.dataToTX[7]_parallelDataIn[7]_mux_0_OUT<6>)
     LUT6:I2->O            1   0.097   0.439  xmit/Mmux_tx_sm.bitToSend[2]_tx_sm.dataToTX[7]_Mux_3_o_3 (xmit/Mmux_tx_sm.bitToSend[2]_tx_sm.dataToTX[7]_Mux_3_o_3)
     LUT5:I3->O            1   0.097   0.000  xmit/txState[1]_PWR_5_o_Mux_10_o1 (xmit/txState[1]_PWR_5_o_Mux_10_o)
     FDSE:D                    0.008          xmit/serialDataOut
    ----------------------------------------
    Total                      1.932ns (0.300ns logic, 1.632ns route)
                                       (15.5% logic, 84.5% route)

=========================================================================
Timing constraint: Default OFFSET OUT AFTER for Clock 'clock'
  Total number of paths / destination ports: 11 / 11
-------------------------------------------------------------------------
Offset:              0.705ns (Levels of Logic = 1)
  Source:            rcvr/parallelDataOut_7 (FF)
  Destination:       parallelDataOut<7> (PAD)
  Source Clock:      clock rising

  Data Path: rcvr/parallelDataOut_7 to parallelDataOut<7>
                                Gate     Net
    Cell:in->out      fanout   Delay   Delay  Logical Name (Net Name)
    ----------------------------------------  ------------
     FDE:C->Q              2   0.361   0.344  rcvr/parallelDataOut_7 (rcvr/parallelDataOut_7)
     OBUF:I->O                 0.000          parallelDataOut_7_OBUF (parallelDataOut<7>)
    ----------------------------------------
    Total                      0.705ns (0.361ns logic, 0.344ns route)
                                       (51.2% logic, 48.8% route)

=========================================================================

Cross Clock Domains Report:
--------------------------

Clock to Setup on destination clock clock
---------------+---------+---------+---------+---------+
               | Src:Rise| Src:Fall| Src:Rise| Src:Fall|
Source Clock   |Dest:Rise|Dest:Rise|Dest:Fall|Dest:Fall|
---------------+---------+---------+---------+---------+
clock          |    2.418|         |         |         |
---------------+---------+---------+---------+---------+

=========================================================================


Total REAL time to Xst completion: 21.00 secs
Total CPU time to Xst completion: 20.18 secs
 
--> 


Total memory usage is 950336 kilobytes

Number of errors   :    0 (   0 filtered)
Number of warnings :    7 (   0 filtered)
Number of infos    :    1 (   0 filtered)

