Release 14.7 - xst P.20131013 (lin64)
Copyright (c) 1995-2013 Xilinx, Inc.  All rights reserved.
--> 
Parameter TMPDIR set to xst/projnav.tmp


Total REAL time to Xst completion: 0.00 secs
Total CPU time to Xst completion: 0.02 secs
 
--> 
Parameter xsthdpdir set to xst


Total REAL time to Xst completion: 0.00 secs
Total CPU time to Xst completion: 0.02 secs
 
--> 
Reading design: UART_receiver.prj

TABLE OF CONTENTS
  1) Synthesis Options Summary
  2) HDL Parsing
  3) HDL Elaboration
  4) HDL Synthesis
       4.1) HDL Synthesis Report
  5) Advanced HDL Synthesis
       5.1) Advanced HDL Synthesis Report
  6) Low Level Synthesis
  7) Partition Report
  8) Design Summary
       8.1) Primitive and Black Box Usage
       8.2) Device utilization summary
       8.3) Partition Resource Summary
       8.4) Timing Report
            8.4.1) Clock Information
            8.4.2) Asynchronous Control Signals Information
            8.4.3) Timing Summary
            8.4.4) Timing Details
            8.4.5) Cross Clock Domains Report


=========================================================================
*                      Synthesis Options Summary                        *
=========================================================================
---- Source Parameters
Input File Name                    : "UART_receiver.prj"
Ignore Synthesis Constraint File   : NO

---- Target Parameters
Output File Name                   : "UART_receiver"
Output Format                      : NGC
Target Device                      : xa7a100t-2I-csg324

---- Source Options
Top Module Name                    : UART_receiver
Automatic FSM Extraction           : YES
FSM Encoding Algorithm             : Auto
Safe Implementation                : No
FSM Style                          : LUT
RAM Extraction                     : Yes
RAM Style                          : Auto
ROM Extraction                     : Yes
Shift Register Extraction          : YES
ROM Style                          : Auto
Resource Sharing                   : YES
Asynchronous To Synchronous        : NO
Shift Register Minimum Size        : 2
Use DSP Block                      : Auto
Automatic Register Balancing       : No

---- Target Options
LUT Combining                      : Auto
Reduce Control Sets                : Auto
Add IO Buffers                     : YES
Global Maximum Fanout              : 100000
Add Generic Clock Buffer(BUFG)     : 32
Register Duplication               : YES
Optimize Instantiated Primitives   : NO
Use Clock Enable                   : Auto
Use Synchronous Set                : Auto
Use Synchronous Reset              : Auto
Pack IO Registers into IOBs        : Auto
Equivalent register Removal        : YES

---- General Options
Optimization Goal                  : Speed
Optimization Effort                : 1
Power Reduction                    : NO
Keep Hierarchy                     : No
Netlist Hierarchy                  : As_Optimized
RTL Output                         : Yes
Global Optimization                : AllClockNets
Read Cores                         : YES
Write Timing Constraints           : NO
Cross Clock Analysis               : NO
Hierarchy Separator                : /
Bus Delimiter                      : <>
Case Specifier                     : Maintain
Slice Utilization Ratio            : 100
BRAM Utilization Ratio             : 100
DSP48 Utilization Ratio            : 100
Auto BRAM Packing                  : NO
Slice Utilization Ratio Delta      : 5

=========================================================================


=========================================================================
*                          HDL Parsing                                  *
=========================================================================
Parsing VHDL file "/home/ise/VHDL/vhdl-assignment-2/UART_receiver.vhd" into library work
Parsing entity <UART_receiver>.
Parsing architecture <Behavioral> of entity <uart_receiver>.

=========================================================================
*                            HDL Elaboration                            *
=========================================================================

Elaborating entity <UART_receiver> (architecture <Behavioral>) from library <work>.

=========================================================================
*                           HDL Synthesis                               *
=========================================================================

Synthesizing Unit <UART_receiver>.
    Related source file is "/home/ise/VHDL/vhdl-assignment-2/UART_receiver.vhd".
    Found 1-bit register for signal <dataValid>.
    Found 1-bit register for signal <countLoad>.
    Found 1-bit register for signal <countEnable>.
    Found 1-bit register for signal <lineDown>.
    Found 3-bit register for signal <rx_sm.bitsReceived>.
    Found 5-bit register for signal <countValue>.
    Found 8-bit register for signal <parallelDataOut>.
    Found 5-bit register for signal <counter.internalCountValue>.
    Found 1-bit register for signal <countDone>.
    Found 2-bit register for signal <rxState>.
    Found finite state machine <FSM_0> for signal <rxState>.
    -----------------------------------------------------------------------
    | States             | 4                                              |
    | Transitions        | 16                                             |
    | Inputs             | 5                                              |
    | Outputs            | 7                                              |
    | Clock              | clock (rising_edge)                            |
    | Reset              | reset (positive)                               |
    | Reset type         | synchronous                                    |
    | Reset State        | idle                                           |
    | Power Up State     | idle                                           |
    | Encoding           | auto                                           |
    | Implementation     | LUT                                            |
    -----------------------------------------------------------------------
    Found 3-bit adder for signal <rx_sm.bitsReceived[2]_GND_3_o_add_9_OUT> created at line 83.
    Found 5-bit subtractor for signal <GND_3_o_GND_3_o_sub_41_OUT<4:0>> created at line 126.
    Found 1-bit 4-to-1 multiplexer for signal <rxState[1]_GND_3_o_Mux_22_o> created at line 54.
    Summary:
	inferred   2 Adder/Subtractor(s).
	inferred  26 D-type flip-flop(s).
	inferred  19 Multiplexer(s).
	inferred   1 Finite State Machine(s).
Unit <UART_receiver> synthesized.

=========================================================================
HDL Synthesis Report

Macro Statistics
# Adders/Subtractors                                   : 2
 3-bit adder                                           : 1
 5-bit subtractor                                      : 1
# Registers                                            : 9
 1-bit register                                        : 5
 3-bit register                                        : 1
 5-bit register                                        : 2
 8-bit register                                        : 1
# Multiplexers                                         : 19
 1-bit 2-to-1 multiplexer                              : 16
 1-bit 4-to-1 multiplexer                              : 1
 3-bit 2-to-1 multiplexer                              : 1
 5-bit 2-to-1 multiplexer                              : 1
# FSMs                                                 : 1

=========================================================================

=========================================================================
*                       Advanced HDL Synthesis                          *
=========================================================================

WARNING:Xst - The specified part-type was not generated at build time. XST is loading the full part-type and will therefore consume more CPU and memory.
Loading device for application Rf_Device from file '7a100t.nph' in environment /opt/Xilinx/14.7/ISE_DS/ISE/.
Loading device for application Rf_Device from file '7a100t.nph' in environment /opt/Xilinx/14.7/ISE_DS/ISE/.
WARNING:Xst:1293 - FF/Latch <countValue_4> has a constant value of 0 in block <UART_receiver>. This FF/Latch will be trimmed during the optimization process.

Synthesizing (advanced) Unit <UART_receiver>.
The following registers are absorbed into counter <counter.internalCountValue>: 1 register on signal <counter.internalCountValue>.
The following registers are absorbed into counter <rx_sm.bitsReceived>: 1 register on signal <rx_sm.bitsReceived>.
Unit <UART_receiver> synthesized (advanced).

=========================================================================
Advanced HDL Synthesis Report

Macro Statistics
# Counters                                             : 2
 3-bit up counter                                      : 1
 5-bit down counter                                    : 1
# Registers                                            : 18
 Flip-Flops                                            : 18
# Multiplexers                                         : 17
 1-bit 2-to-1 multiplexer                              : 16
 1-bit 4-to-1 multiplexer                              : 1
# FSMs                                                 : 1

=========================================================================

=========================================================================
*                         Low Level Synthesis                           *
=========================================================================
WARNING:Xst:1293 - FF/Latch <countValue_4> has a constant value of 0 in block <UART_receiver>. This FF/Latch will be trimmed during the optimization process.
Analyzing FSM <MFsm> for best encoding.
Optimizing FSM <FSM_0> on signal <rxState[1:2]> with user encoding.
---------------------------
 State         | Encoding
---------------------------
 idle          | 00
 rcv_start_bit | 01
 rcv_data_bits | 10
 rcv_stop_bit  | 11
---------------------------
WARNING:Xst:1426 - The value init of the FF/Latch countValue_0 hinder the constant cleaning in the block UART_receiver.
   You should achieve better results by setting this init to 1.
WARNING:Xst:1426 - The value init of the FF/Latch countValue_1 hinder the constant cleaning in the block UART_receiver.
   You should achieve better results by setting this init to 1.
WARNING:Xst:1426 - The value init of the FF/Latch countValue_2 hinder the constant cleaning in the block UART_receiver.
   You should achieve better results by setting this init to 1.
INFO:Xst:2261 - The FF/Latch <countValue_0> in Unit <UART_receiver> is equivalent to the following 2 FFs/Latches, which will be removed : <countValue_1> <countValue_2> 

Optimizing unit <UART_receiver> ...

Mapping all equations...
Building and optimizing final netlist ...
Found area constraint ratio of 100 (+ 5) on block UART_receiver, actual ratio is 0.

Final Macro Processing ...

=========================================================================
Final Register Report

Macro Statistics
# Registers                                            : 25
 Flip-Flops                                            : 25

=========================================================================

=========================================================================
*                           Partition Report                            *
=========================================================================

Partition Implementation Status
-------------------------------

  No Partitions were found in this design.

-------------------------------

=========================================================================
*                            Design Summary                             *
=========================================================================

Top Level Output File Name         : UART_receiver.ngc

Primitive and Black Box Usage:
------------------------------
# BELS                             : 33
#      LUT2                        : 1
#      LUT3                        : 2
#      LUT4                        : 3
#      LUT5                        : 14
#      LUT6                        : 12
#      VCC                         : 1
# FlipFlops/Latches                : 25
#      FDE                         : 13
#      FDR                         : 7
#      FDRE                        : 5
# Clock Buffers                    : 1
#      BUFGP                       : 1
# IO Buffers                       : 12
#      IBUF                        : 3
#      OBUF                        : 9

Device utilization summary:
---------------------------

Selected Device : xa7a100tcsg324-2i 


Slice Logic Utilization: 
 Number of Slice Registers:              25  out of  126800     0%  
 Number of Slice LUTs:                   32  out of  63400     0%  
    Number used as Logic:                32  out of  63400     0%  

Slice Logic Distribution: 
 Number of LUT Flip Flop pairs used:     34
   Number with an unused Flip Flop:       9  out of     34    26%  
   Number with an unused LUT:             2  out of     34     5%  
   Number of fully used LUT-FF pairs:    23  out of     34    67%  
   Number of unique control sets:         5

IO Utilization: 
 Number of IOs:                          13
 Number of bonded IOBs:                  13  out of    210     6%  

Specific Feature Utilization:
 Number of BUFG/BUFGCTRLs:                1  out of     32     3%  

---------------------------
Partition Resource Summary:
---------------------------

  No Partitions were found in this design.

---------------------------


=========================================================================
Timing Report

NOTE: THESE TIMING NUMBERS ARE ONLY A SYNTHESIS ESTIMATE.
      FOR ACCURATE TIMING INFORMATION PLEASE REFER TO THE TRACE REPORT
      GENERATED AFTER PLACE-and-ROUTE.

Clock Information:
------------------
-----------------------------------+------------------------+-------+
Clock Signal                       | Clock buffer(FF name)  | Load  |
-----------------------------------+------------------------+-------+
clock                              | BUFGP                  | 25    |
-----------------------------------+------------------------+-------+

Asynchronous Control Signals Information:
----------------------------------------
No asynchronous control signals found in this design

Timing Summary:
---------------
Speed Grade: -2

   Minimum period: 1.966ns (Maximum Frequency: 508.531MHz)
   Minimum input arrival time before clock: 1.475ns
   Maximum output required time after clock: 0.705ns
   Maximum combinational path delay: No path found

Timing Details:
---------------
All values displayed in nanoseconds (ns)

=========================================================================
Timing constraint: Default period analysis for Clock 'clock'
  Clock period: 1.966ns (frequency: 508.531MHz)
  Total number of paths / destination ports: 184 / 42
-------------------------------------------------------------------------
Delay:               1.966ns (Levels of Logic = 2)
  Source:            counter.internalCountValue_1 (FF)
  Destination:       counter.internalCountValue_0 (FF)
  Source Clock:      clock rising
  Destination Clock: clock rising

  Data Path: counter.internalCountValue_1 to counter.internalCountValue_0
                                Gate     Net
    Cell:in->out      fanout   Delay   Delay  Logical Name (Net Name)
    ----------------------------------------  ------------
     FDRE:C->Q             6   0.361   0.599  counter.internalCountValue_1 (counter.internalCountValue_1)
     LUT3:I0->O            1   0.097   0.355  _n0229_inv_SW0 (N01)
     LUT6:I5->O            5   0.097   0.362  _n0229_inv (_n0229_inv)
     FDRE:CE                   0.095          counter.internalCountValue_0
    ----------------------------------------
    Total                      1.966ns (0.650ns logic, 1.316ns route)
                                       (33.1% logic, 66.9% route)

=========================================================================
Timing constraint: Default OFFSET IN BEFORE for Clock 'clock'
  Total number of paths / destination ports: 71 / 48
-------------------------------------------------------------------------
Offset:              1.475ns (Levels of Logic = 3)
  Source:            serialDataIn (PAD)
  Destination:       rxState_FSM_FFd2 (FF)
  Destination Clock: clock rising

  Data Path: serialDataIn to rxState_FSM_FFd2
                                Gate     Net
    Cell:in->out      fanout   Delay   Delay  Logical Name (Net Name)
    ----------------------------------------  ------------
     IBUF:I->O            17   0.001   0.833  serialDataIn_IBUF (serialDataIn_IBUF)
     LUT5:I0->O            1   0.097   0.439  rxState_FSM_FFd2-In2 (rxState_FSM_FFd2-In2)
     LUT4:I2->O            1   0.097   0.000  rxState_FSM_FFd2-In3 (rxState_FSM_FFd2-In)
     FDR:D                     0.008          rxState_FSM_FFd2
    ----------------------------------------
    Total                      1.475ns (0.203ns logic, 1.272ns route)
                                       (13.8% logic, 86.2% route)

=========================================================================
Timing constraint: Default OFFSET OUT AFTER for Clock 'clock'
  Total number of paths / destination ports: 9 / 9
-------------------------------------------------------------------------
Offset:              0.705ns (Levels of Logic = 1)
  Source:            parallelDataOut_7 (FF)
  Destination:       parallelDataOut<7> (PAD)
  Source Clock:      clock rising

  Data Path: parallelDataOut_7 to parallelDataOut<7>
                                Gate     Net
    Cell:in->out      fanout   Delay   Delay  Logical Name (Net Name)
    ----------------------------------------  ------------
     FDE:C->Q              2   0.361   0.344  parallelDataOut_7 (parallelDataOut_7)
     OBUF:I->O                 0.000          parallelDataOut_7_OBUF (parallelDataOut<7>)
    ----------------------------------------
    Total                      0.705ns (0.361ns logic, 0.344ns route)
                                       (51.2% logic, 48.8% route)

=========================================================================

Cross Clock Domains Report:
--------------------------

Clock to Setup on destination clock clock
---------------+---------+---------+---------+---------+
               | Src:Rise| Src:Fall| Src:Rise| Src:Fall|
Source Clock   |Dest:Rise|Dest:Rise|Dest:Fall|Dest:Fall|
---------------+---------+---------+---------+---------+
clock          |    1.966|         |         |         |
---------------+---------+---------+---------+---------+

=========================================================================


Total REAL time to Xst completion: 21.00 secs
Total CPU time to Xst completion: 19.87 secs
 
--> 


Total memory usage is 949812 kilobytes

Number of errors   :    0 (   0 filtered)
Number of warnings :    6 (   0 filtered)
Number of infos    :    1 (   0 filtered)

